\BOOKMARK [0][-]{chapter.1}{\376\377\000D\000a\000t\000a\000\040\000S\000t\000r\000u\000c\000t\000u\000r\000e\000\040\000I\000n\000d\000e\000x}{}% 1
\BOOKMARK [1][-]{section.1.1}{\376\377\000D\000a\000t\000a\000\040\000S\000t\000r\000u\000c\000t\000u\000r\000e\000s}{chapter.1}% 2
\BOOKMARK [0][-]{chapter.2}{\376\377\000F\000i\000l\000e\000\040\000I\000n\000d\000e\000x}{}% 3
\BOOKMARK [1][-]{section.2.1}{\376\377\000F\000i\000l\000e\000\040\000L\000i\000s\000t}{chapter.2}% 4
\BOOKMARK [0][-]{chapter.3}{\376\377\000D\000a\000t\000a\000\040\000S\000t\000r\000u\000c\000t\000u\000r\000e\000\040\000D\000o\000c\000u\000m\000e\000n\000t\000a\000t\000i\000o\000n}{}% 5
\BOOKMARK [1][-]{section.3.1}{\376\377\000C\000h\000a\000r\000a\000c\000t\000e\000r\000\040\000S\000t\000r\000u\000c\000t\000\040\000R\000e\000f\000e\000r\000e\000n\000c\000e}{chapter.3}% 6
\BOOKMARK [2][-]{subsection.3.1.1}{\376\377\000F\000i\000e\000l\000d\000\040\000D\000o\000c\000u\000m\000e\000n\000t\000a\000t\000i\000o\000n}{section.3.1}% 7
\BOOKMARK [3][-]{subsubsection.3.1.1.1}{\376\377\000i\000s\000J\000u\000m\000p\000i\000n\000g}{subsection.3.1.1}% 8
\BOOKMARK [3][-]{subsubsection.3.1.1.2}{\376\377\000i\000s\000O\000n\000G\000r\000o\000u\000n\000d}{subsection.3.1.1}% 9
\BOOKMARK [1][-]{section.3.2}{\376\377\000L\000e\000v\000e\000l\000\040\000S\000t\000r\000u\000c\000t\000\040\000R\000e\000f\000e\000r\000e\000n\000c\000e}{chapter.3}% 10
\BOOKMARK [1][-]{section.3.3}{\376\377\000M\000a\000p\000\040\000S\000t\000r\000u\000c\000t\000\040\000R\000e\000f\000e\000r\000e\000n\000c\000e}{chapter.3}% 11
\BOOKMARK [1][-]{section.3.4}{\376\377\000S\000o\000u\000n\000d\000\040\000S\000t\000r\000u\000c\000t\000\040\000R\000e\000f\000e\000r\000e\000n\000c\000e}{chapter.3}% 12
\BOOKMARK [0][-]{chapter.4}{\376\377\000F\000i\000l\000e\000\040\000D\000o\000c\000u\000m\000e\000n\000t\000a\000t\000i\000o\000n}{}% 13
\BOOKMARK [1][-]{section.4.1}{\376\377\000c\000o\000n\000s\000t\000.\000h\000\040\000F\000i\000l\000e\000\040\000R\000e\000f\000e\000r\000e\000n\000c\000e}{chapter.4}% 14
\BOOKMARK [2][-]{subsection.4.1.1}{\376\377\000D\000e\000t\000a\000i\000l\000e\000d\000\040\000D\000e\000s\000c\000r\000i\000p\000t\000i\000o\000n}{section.4.1}% 15
\BOOKMARK [1][-]{section.4.2}{\376\377\000f\000i\000l\000e\000.\000c\000\040\000F\000i\000l\000e\000\040\000R\000e\000f\000e\000r\000e\000n\000c\000e}{chapter.4}% 16
\BOOKMARK [2][-]{subsection.4.2.1}{\376\377\000D\000e\000t\000a\000i\000l\000e\000d\000\040\000D\000e\000s\000c\000r\000i\000p\000t\000i\000o\000n}{section.4.2}% 17
\BOOKMARK [2][-]{subsection.4.2.2}{\376\377\000F\000u\000n\000c\000t\000i\000o\000n\000\040\000D\000o\000c\000u\000m\000e\000n\000t\000a\000t\000i\000o\000n}{section.4.2}% 18
\BOOKMARK [3][-]{subsubsection.4.2.2.1}{\376\377\000c\000l\000o\000s\000e\000F\000i\000l\000e}{subsection.4.2.2}% 19
\BOOKMARK [3][-]{subsubsection.4.2.2.2}{\376\377\000o\000p\000e\000n\000F\000i\000l\000e}{subsection.4.2.2}% 20
\BOOKMARK [3][-]{subsubsection.4.2.2.3}{\376\377\000r\000e\000a\000d\000F\000i\000l\000e\000S\000i\000z\000e}{subsection.4.2.2}% 21
\BOOKMARK [1][-]{section.4.3}{\376\377\000f\000i\000l\000e\000.\000h\000\040\000F\000i\000l\000e\000\040\000R\000e\000f\000e\000r\000e\000n\000c\000e}{chapter.4}% 22
\BOOKMARK [2][-]{subsection.4.3.1}{\376\377\000D\000e\000t\000a\000i\000l\000e\000d\000\040\000D\000e\000s\000c\000r\000i\000p\000t\000i\000o\000n}{section.4.3}% 23
\BOOKMARK [2][-]{subsection.4.3.2}{\376\377\000F\000u\000n\000c\000t\000i\000o\000n\000\040\000D\000o\000c\000u\000m\000e\000n\000t\000a\000t\000i\000o\000n}{section.4.3}% 24
\BOOKMARK [3][-]{subsubsection.4.3.2.1}{\376\377\000c\000l\000o\000s\000e\000F\000i\000l\000e}{subsection.4.3.2}% 25
\BOOKMARK [3][-]{subsubsection.4.3.2.2}{\376\377\000o\000p\000e\000n\000F\000i\000l\000e}{subsection.4.3.2}% 26
\BOOKMARK [3][-]{subsubsection.4.3.2.3}{\376\377\000r\000e\000a\000d\000F\000i\000l\000e\000S\000i\000z\000e}{subsection.4.3.2}% 27
\BOOKMARK [1][-]{section.4.4}{\376\377\000i\000m\000a\000g\000e\000.\000c\000\040\000F\000i\000l\000e\000\040\000R\000e\000f\000e\000r\000e\000n\000c\000e}{chapter.4}% 28
\BOOKMARK [2][-]{subsection.4.4.1}{\376\377\000D\000e\000t\000a\000i\000l\000e\000d\000\040\000D\000e\000s\000c\000r\000i\000p\000t\000i\000o\000n}{section.4.4}% 29
\BOOKMARK [2][-]{subsection.4.4.2}{\376\377\000F\000u\000n\000c\000t\000i\000o\000n\000\040\000D\000o\000c\000u\000m\000e\000n\000t\000a\000t\000i\000o\000n}{section.4.4}% 30
\BOOKMARK [3][-]{subsubsection.4.4.2.1}{\376\377\000i\000m\000a\000g\000e\000L\000o\000a\000d}{subsection.4.4.2}% 31
\BOOKMARK [3][-]{subsubsection.4.4.2.2}{\376\377\000i\000m\000a\000g\000e\000L\000o\000a\000d\000A\000l\000p\000h\000a}{subsection.4.4.2}% 32
\BOOKMARK [1][-]{section.4.5}{\376\377\000i\000m\000a\000g\000e\000.\000h\000\040\000F\000i\000l\000e\000\040\000R\000e\000f\000e\000r\000e\000n\000c\000e}{chapter.4}% 33
\BOOKMARK [2][-]{subsection.4.5.1}{\376\377\000D\000e\000t\000a\000i\000l\000e\000d\000\040\000D\000e\000s\000c\000r\000i\000p\000t\000i\000o\000n}{section.4.5}% 34
\BOOKMARK [2][-]{subsection.4.5.2}{\376\377\000F\000u\000n\000c\000t\000i\000o\000n\000\040\000D\000o\000c\000u\000m\000e\000n\000t\000a\000t\000i\000o\000n}{section.4.5}% 35
\BOOKMARK [3][-]{subsubsection.4.5.2.1}{\376\377\000i\000m\000a\000g\000e\000L\000o\000a\000d}{subsection.4.5.2}% 36
\BOOKMARK [3][-]{subsubsection.4.5.2.2}{\376\377\000i\000m\000a\000g\000e\000L\000o\000a\000d\000A\000l\000p\000h\000a}{subsection.4.5.2}% 37
\BOOKMARK [1][-]{section.4.6}{\376\377\000j\000e\000u\000.\000c\000\040\000F\000i\000l\000e\000\040\000R\000e\000f\000e\000r\000e\000n\000c\000e}{chapter.4}% 38
\BOOKMARK [2][-]{subsection.4.6.1}{\376\377\000D\000e\000t\000a\000i\000l\000e\000d\000\040\000D\000e\000s\000c\000r\000i\000p\000t\000i\000o\000n}{section.4.6}% 39
\BOOKMARK [2][-]{subsection.4.6.2}{\376\377\000F\000u\000n\000c\000t\000i\000o\000n\000\040\000D\000o\000c\000u\000m\000e\000n\000t\000a\000t\000i\000o\000n}{section.4.6}% 40
\BOOKMARK [3][-]{subsubsection.4.6.2.1}{\376\377\000j\000o\000u\000e\000r}{subsection.4.6.2}% 41
\BOOKMARK [3][-]{subsubsection.4.6.2.2}{\376\377\000p\000r\000i\000n\000t\000G\000a\000m\000e\000O\000v\000e\000r}{subsection.4.6.2}% 42
\BOOKMARK [3][-]{subsubsection.4.6.2.3}{\376\377\000p\000r\000i\000n\000t\000P\000a\000u\000s\000e}{subsection.4.6.2}% 43
\BOOKMARK [3][-]{subsubsection.4.6.2.4}{\376\377\000u\000p\000d\000a\000t\000e\000S\000p\000e\000e\000d}{subsection.4.6.2}% 44
\BOOKMARK [1][-]{section.4.7}{\376\377\000j\000e\000u\000.\000h\000\040\000F\000i\000l\000e\000\040\000R\000e\000f\000e\000r\000e\000n\000c\000e}{chapter.4}% 45
\BOOKMARK [2][-]{subsection.4.7.1}{\376\377\000D\000e\000t\000a\000i\000l\000e\000d\000\040\000D\000e\000s\000c\000r\000i\000p\000t\000i\000o\000n}{section.4.7}% 46
\BOOKMARK [2][-]{subsection.4.7.2}{\376\377\000F\000u\000n\000c\000t\000i\000o\000n\000\040\000D\000o\000c\000u\000m\000e\000n\000t\000a\000t\000i\000o\000n}{section.4.7}% 47
\BOOKMARK [3][-]{subsubsection.4.7.2.1}{\376\377\000j\000o\000u\000e\000r}{subsection.4.7.2}% 48
\BOOKMARK [3][-]{subsubsection.4.7.2.2}{\376\377\000p\000r\000i\000n\000t\000G\000a\000m\000e\000O\000v\000e\000r}{subsection.4.7.2}% 49
\BOOKMARK [3][-]{subsubsection.4.7.2.3}{\376\377\000p\000r\000i\000n\000t\000P\000a\000u\000s\000e}{subsection.4.7.2}% 50
\BOOKMARK [3][-]{subsubsection.4.7.2.4}{\376\377\000u\000p\000d\000a\000t\000e\000S\000p\000e\000e\000d}{subsection.4.7.2}% 51
\BOOKMARK [1][-]{section.4.8}{\376\377\000m\000a\000p\000.\000c\000\040\000F\000i\000l\000e\000\040\000R\000e\000f\000e\000r\000e\000n\000c\000e}{chapter.4}% 52
\BOOKMARK [2][-]{subsection.4.8.1}{\376\377\000D\000e\000t\000a\000i\000l\000e\000d\000\040\000D\000e\000s\000c\000r\000i\000p\000t\000i\000o\000n}{section.4.8}% 53
\BOOKMARK [2][-]{subsection.4.8.2}{\376\377\000F\000u\000n\000c\000t\000i\000o\000n\000\040\000D\000o\000c\000u\000m\000e\000n\000t\000a\000t\000i\000o\000n}{section.4.8}% 54
\BOOKMARK [3][-]{subsubsection.4.8.2.1}{\376\377\000i\000n\000i\000t\000M\000a\000p}{subsection.4.8.2}% 55
\BOOKMARK [3][-]{subsubsection.4.8.2.2}{\376\377\000s\000c\000r\000o\000l\000l\000i\000n\000g}{subsection.4.8.2}% 56
\BOOKMARK [3][-]{subsubsection.4.8.2.3}{\376\377\000u\000p\000d\000a\000t\000e\000S\000c\000r\000e\000e\000n\000M\000a\000p}{subsection.4.8.2}% 57
\BOOKMARK [1][-]{section.4.9}{\376\377\000m\000a\000p\000.\000h\000\040\000F\000i\000l\000e\000\040\000R\000e\000f\000e\000r\000e\000n\000c\000e}{chapter.4}% 58
\BOOKMARK [2][-]{subsection.4.9.1}{\376\377\000D\000e\000t\000a\000i\000l\000e\000d\000\040\000D\000e\000s\000c\000r\000i\000p\000t\000i\000o\000n}{section.4.9}% 59
\BOOKMARK [2][-]{subsection.4.9.2}{\376\377\000F\000u\000n\000c\000t\000i\000o\000n\000\040\000D\000o\000c\000u\000m\000e\000n\000t\000a\000t\000i\000o\000n}{section.4.9}% 60
\BOOKMARK [3][-]{subsubsection.4.9.2.1}{\376\377\000i\000n\000i\000t\000M\000a\000p}{subsection.4.9.2}% 61
\BOOKMARK [3][-]{subsubsection.4.9.2.2}{\376\377\000s\000c\000r\000o\000l\000l\000i\000n\000g}{subsection.4.9.2}% 62
\BOOKMARK [3][-]{subsubsection.4.9.2.3}{\376\377\000u\000p\000d\000a\000t\000e\000S\000c\000r\000e\000e\000n\000M\000a\000p}{subsection.4.9.2}% 63
\BOOKMARK [1][-]{section.4.10}{\376\377\000m\000e\000n\000u\000.\000c\000\040\000F\000i\000l\000e\000\040\000R\000e\000f\000e\000r\000e\000n\000c\000e}{chapter.4}% 64
\BOOKMARK [2][-]{subsection.4.10.1}{\376\377\000D\000e\000t\000a\000i\000l\000e\000d\000\040\000D\000e\000s\000c\000r\000i\000p\000t\000i\000o\000n}{section.4.10}% 65
\BOOKMARK [1][-]{section.4.11}{\376\377\000m\000e\000n\000u\000.\000h\000\040\000F\000i\000l\000e\000\040\000R\000e\000f\000e\000r\000e\000n\000c\000e}{chapter.4}% 66
\BOOKMARK [2][-]{subsection.4.11.1}{\376\377\000D\000e\000t\000a\000i\000l\000e\000d\000\040\000D\000e\000s\000c\000r\000i\000p\000t\000i\000o\000n}{section.4.11}% 67
\BOOKMARK [1][-]{section.4.12}{\376\377\000m\000e\000n\000u\000\137\000l\000e\000v\000e\000l\000.\000c\000\040\000F\000i\000l\000e\000\040\000R\000e\000f\000e\000r\000e\000n\000c\000e}{chapter.4}% 68
\BOOKMARK [2][-]{subsection.4.12.1}{\376\377\000D\000e\000t\000a\000i\000l\000e\000d\000\040\000D\000e\000s\000c\000r\000i\000p\000t\000i\000o\000n}{section.4.12}% 69
\BOOKMARK [2][-]{subsection.4.12.2}{\376\377\000F\000u\000n\000c\000t\000i\000o\000n\000\040\000D\000o\000c\000u\000m\000e\000n\000t\000a\000t\000i\000o\000n}{section.4.12}% 70
\BOOKMARK [3][-]{subsubsection.4.12.2.1}{\376\377\000m\000e\000n\000u\000L\000e\000v\000e\000l}{subsection.4.12.2}% 71
\BOOKMARK [1][-]{section.4.13}{\376\377\000m\000e\000n\000u\000\137\000l\000e\000v\000e\000l\000.\000h\000\040\000F\000i\000l\000e\000\040\000R\000e\000f\000e\000r\000e\000n\000c\000e}{chapter.4}% 72
\BOOKMARK [2][-]{subsection.4.13.1}{\376\377\000D\000e\000t\000a\000i\000l\000e\000d\000\040\000D\000e\000s\000c\000r\000i\000p\000t\000i\000o\000n}{section.4.13}% 73
\BOOKMARK [2][-]{subsection.4.13.2}{\376\377\000F\000u\000n\000c\000t\000i\000o\000n\000\040\000D\000o\000c\000u\000m\000e\000n\000t\000a\000t\000i\000o\000n}{section.4.13}% 74
\BOOKMARK [3][-]{subsubsection.4.13.2.1}{\376\377\000m\000e\000n\000u\000L\000e\000v\000e\000l}{subsection.4.13.2}% 75
\BOOKMARK [1][-]{section.4.14}{\376\377\000p\000l\000a\000y\000e\000r\000.\000c\000\040\000F\000i\000l\000e\000\040\000R\000e\000f\000e\000r\000e\000n\000c\000e}{chapter.4}% 76
\BOOKMARK [2][-]{subsection.4.14.1}{\376\377\000D\000e\000t\000a\000i\000l\000e\000d\000\040\000D\000e\000s\000c\000r\000i\000p\000t\000i\000o\000n}{section.4.14}% 77
\BOOKMARK [2][-]{subsection.4.14.2}{\376\377\000F\000u\000n\000c\000t\000i\000o\000n\000\040\000D\000o\000c\000u\000m\000e\000n\000t\000a\000t\000i\000o\000n}{section.4.14}% 78
\BOOKMARK [3][-]{subsubsection.4.14.2.1}{\376\377\000b\000l\000i\000t\000C\000h\000a\000r\000a\000c\000t\000e\000r}{subsection.4.14.2}% 79
\BOOKMARK [3][-]{subsubsection.4.14.2.2}{\376\377\000c\000o\000l\000l\000i\000s\000i\000o\000n\000S\000p\000r\000i\000t\000e}{subsection.4.14.2}% 80
\BOOKMARK [3][-]{subsubsection.4.14.2.3}{\376\377\000c\000r\000e\000a\000t\000e\000r\000C\000h\000a\000r\000a\000c\000t\000e\000r}{subsection.4.14.2}% 81
\BOOKMARK [3][-]{subsubsection.4.14.2.4}{\376\377\000j\000u\000m\000p\000i\000n\000g}{subsection.4.14.2}% 82
\BOOKMARK [3][-]{subsubsection.4.14.2.5}{\376\377\000m\000o\000v\000e\000C\000h\000a\000r\000a\000c\000t\000e\000r}{subsection.4.14.2}% 83
\BOOKMARK [3][-]{subsubsection.4.14.2.6}{\376\377\000m\000o\000v\000e\000m\000e\000n\000t\000V\000e\000c\000t\000o\000r}{subsection.4.14.2}% 84
\BOOKMARK [1][-]{section.4.15}{\376\377\000p\000l\000a\000y\000e\000r\000.\000h\000\040\000F\000i\000l\000e\000\040\000R\000e\000f\000e\000r\000e\000n\000c\000e}{chapter.4}% 85
\BOOKMARK [2][-]{subsection.4.15.1}{\376\377\000D\000e\000t\000a\000i\000l\000e\000d\000\040\000D\000e\000s\000c\000r\000i\000p\000t\000i\000o\000n}{section.4.15}% 86
\BOOKMARK [2][-]{subsection.4.15.2}{\376\377\000M\000a\000c\000r\000o\000\040\000D\000e\000f\000i\000n\000i\000t\000i\000o\000n\000\040\000D\000o\000c\000u\000m\000e\000n\000t\000a\000t\000i\000o\000n}{section.4.15}% 87
\BOOKMARK [3][-]{subsubsection.4.15.2.1}{\376\377\000A\000B\000S}{subsection.4.15.2}% 88
\BOOKMARK [3][-]{subsubsection.4.15.2.2}{\376\377\000S\000G\000N}{subsection.4.15.2}% 89
\BOOKMARK [2][-]{subsection.4.15.3}{\376\377\000F\000u\000n\000c\000t\000i\000o\000n\000\040\000D\000o\000c\000u\000m\000e\000n\000t\000a\000t\000i\000o\000n}{section.4.15}% 90
\BOOKMARK [3][-]{subsubsection.4.15.3.1}{\376\377\000b\000l\000i\000t\000C\000h\000a\000r\000a\000c\000t\000e\000r}{subsection.4.15.3}% 91
\BOOKMARK [3][-]{subsubsection.4.15.3.2}{\376\377\000c\000o\000l\000l\000i\000s\000i\000o\000n\000S\000p\000r\000i\000t\000e}{subsection.4.15.3}% 92
\BOOKMARK [3][-]{subsubsection.4.15.3.3}{\376\377\000c\000r\000e\000a\000t\000e\000r\000C\000h\000a\000r\000a\000c\000t\000e\000r}{subsection.4.15.3}% 93
\BOOKMARK [3][-]{subsubsection.4.15.3.4}{\376\377\000j\000u\000m\000p\000i\000n\000g}{subsection.4.15.3}% 94
\BOOKMARK [3][-]{subsubsection.4.15.3.5}{\376\377\000m\000o\000v\000e\000C\000h\000a\000r\000a\000c\000t\000e\000r}{subsection.4.15.3}% 95
\BOOKMARK [3][-]{subsubsection.4.15.3.6}{\376\377\000m\000o\000v\000e\000m\000e\000n\000t\000V\000e\000c\000t\000o\000r}{subsection.4.15.3}% 96
\BOOKMARK [1][-]{section.4.16}{\376\377\000s\000o\000u\000n\000d\000.\000c\000\040\000F\000i\000l\000e\000\040\000R\000e\000f\000e\000r\000e\000n\000c\000e}{chapter.4}% 97
\BOOKMARK [2][-]{subsection.4.16.1}{\376\377\000D\000e\000t\000a\000i\000l\000e\000d\000\040\000D\000e\000s\000c\000r\000i\000p\000t\000i\000o\000n}{section.4.16}% 98
\BOOKMARK [2][-]{subsection.4.16.2}{\376\377\000F\000u\000n\000c\000t\000i\000o\000n\000\040\000D\000o\000c\000u\000m\000e\000n\000t\000a\000t\000i\000o\000n}{section.4.16}% 99
\BOOKMARK [3][-]{subsubsection.4.16.2.1}{\376\377\000c\000r\000e\000a\000t\000e\000S\000o\000u\000n\000d}{subsection.4.16.2}% 100
\BOOKMARK [3][-]{subsubsection.4.16.2.2}{\376\377\000f\000r\000e\000e\000S\000o\000u\000n\000d}{subsection.4.16.2}% 101
\BOOKMARK [3][-]{subsubsection.4.16.2.3}{\376\377\000p\000l\000a\000y\000M\000u\000s\000i\000c}{subsection.4.16.2}% 102
\BOOKMARK [3][-]{subsubsection.4.16.2.4}{\376\377\000p\000l\000a\000y\000M\000u\000s\000i\000c\000O\000n\000c\000e}{subsection.4.16.2}% 103
\BOOKMARK [3][-]{subsubsection.4.16.2.5}{\376\377\000s\000o\000u\000n\000d\000V\000o\000l\000u\000m\000e}{subsection.4.16.2}% 104
\BOOKMARK [3][-]{subsubsection.4.16.2.6}{\376\377\000s\000t\000o\000p\000S\000o\000u\000n\000d}{subsection.4.16.2}% 105
\BOOKMARK [1][-]{section.4.17}{\376\377\000s\000o\000u\000n\000d\000.\000h\000\040\000F\000i\000l\000e\000\040\000R\000e\000f\000e\000r\000e\000n\000c\000e}{chapter.4}% 106
\BOOKMARK [2][-]{subsection.4.17.1}{\376\377\000D\000e\000t\000a\000i\000l\000e\000d\000\040\000D\000e\000s\000c\000r\000i\000p\000t\000i\000o\000n}{section.4.17}% 107
\BOOKMARK [2][-]{subsection.4.17.2}{\376\377\000F\000u\000n\000c\000t\000i\000o\000n\000\040\000D\000o\000c\000u\000m\000e\000n\000t\000a\000t\000i\000o\000n}{section.4.17}% 108
\BOOKMARK [3][-]{subsubsection.4.17.2.1}{\376\377\000c\000r\000e\000a\000t\000e\000S\000o\000u\000n\000d}{subsection.4.17.2}% 109
\BOOKMARK [3][-]{subsubsection.4.17.2.2}{\376\377\000f\000r\000e\000e\000S\000o\000u\000n\000d}{subsection.4.17.2}% 110
\BOOKMARK [3][-]{subsubsection.4.17.2.3}{\376\377\000p\000l\000a\000y\000M\000u\000s\000i\000c}{subsection.4.17.2}% 111
\BOOKMARK [3][-]{subsubsection.4.17.2.4}{\376\377\000p\000l\000a\000y\000M\000u\000s\000i\000c\000O\000n\000c\000e}{subsection.4.17.2}% 112
\BOOKMARK [3][-]{subsubsection.4.17.2.5}{\376\377\000s\000o\000u\000n\000d\000V\000o\000l\000u\000m\000e}{subsection.4.17.2}% 113
\BOOKMARK [3][-]{subsubsection.4.17.2.6}{\376\377\000s\000t\000o\000p\000S\000o\000u\000n\000d}{subsection.4.17.2}% 114
\BOOKMARK [1][-]{section.4.18}{\376\377\000t\000e\000x\000t\000.\000c\000\040\000F\000i\000l\000e\000\040\000R\000e\000f\000e\000r\000e\000n\000c\000e}{chapter.4}% 115
\BOOKMARK [2][-]{subsection.4.18.1}{\376\377\000D\000e\000t\000a\000i\000l\000e\000d\000\040\000D\000e\000s\000c\000r\000i\000p\000t\000i\000o\000n}{section.4.18}% 116
\BOOKMARK [2][-]{subsection.4.18.2}{\376\377\000F\000u\000n\000c\000t\000i\000o\000n\000\040\000D\000o\000c\000u\000m\000e\000n\000t\000a\000t\000i\000o\000n}{section.4.18}% 117
\BOOKMARK [3][-]{subsubsection.4.18.2.1}{\376\377\000p\000r\000i\000n\000t\000T\000e\000x\000t}{subsection.4.18.2}% 118
\BOOKMARK [1][-]{section.4.19}{\376\377\000t\000e\000x\000t\000.\000h\000\040\000F\000i\000l\000e\000\040\000R\000e\000f\000e\000r\000e\000n\000c\000e}{chapter.4}% 119
\BOOKMARK [2][-]{subsection.4.19.1}{\376\377\000D\000e\000t\000a\000i\000l\000e\000d\000\040\000D\000e\000s\000c\000r\000i\000p\000t\000i\000o\000n}{section.4.19}% 120
\BOOKMARK [2][-]{subsection.4.19.2}{\376\377\000F\000u\000n\000c\000t\000i\000o\000n\000\040\000D\000o\000c\000u\000m\000e\000n\000t\000a\000t\000i\000o\000n}{section.4.19}% 121
\BOOKMARK [3][-]{subsubsection.4.19.2.1}{\376\377\000p\000r\000i\000n\000t\000T\000e\000x\000t}{subsection.4.19.2}% 122
\BOOKMARK [0][-]{section*.30}{\376\377\000I\000n\000d\000e\000x}{}% 123
